<?xml version="1.0" encoding="UTF-8"?>
<testng-results ignored="0" total="2" passed="2" failed="0" skipped="0">
  <reporter-output>
    <line>
      <![CDATA[Opening Kia]]>
    </line>
    <line>
      <![CDATA[Opening MarutiSuzuki]]>
    </line>
  </reporter-output>
  <suite started-at="2023-08-03T21:41:56 IST" name="Default suite" finished-at="2023-08-03T21:44:10 IST" duration-ms="133876">
    <groups>
    </groups>
    <test started-at="2023-08-03T21:41:56 IST" name="Default test" finished-at="2023-08-03T21:44:10 IST" duration-ms="133876">
      <class name="ecar.Kia">
        <test-method signature="KiaTest()[pri:0, instance:ecar.Kia@1ffaf86]" started-at="2023-08-03T21:41:56 IST" name="KiaTest" finished-at="2023-08-03T21:43:27 IST" duration-ms="91445" status="PASS">
          <reporter-output>
            <line>
              <![CDATA[Opening Kia]]>
            </line>
          </reporter-output>
        </test-method> <!-- KiaTest -->
      </class> <!-- ecar.Kia -->
      <class name="ecar.Maruti">
        <test-method signature="MarutiTest()[pri:0, instance:ecar.Maruti@298a5e20]" started-at="2023-08-03T21:43:27 IST" name="MarutiTest" finished-at="2023-08-03T21:44:10 IST" duration-ms="42397" status="PASS">
          <reporter-output>
            <line>
              <![CDATA[Opening MarutiSuzuki]]>
            </line>
          </reporter-output>
        </test-method> <!-- MarutiTest -->
      </class> <!-- ecar.Maruti -->
    </test> <!-- Default test -->
  </suite> <!-- Default suite -->
</testng-results>
